13:58:56.134 [main] INFO  com.qa.opencart.utilities.WebDriverUtils - Title of the page is :: Account Login
13:59:05.814 [main] INFO  com.qa.opencart.utilities.WebDriverUtils - Title of the page is :: Register Account
13:59:09.091 [main] INFO  com.qa.opencart.utilities.WebDriverUtils - Element is displayed::[[ChromeDriver: chrome on windows (ec7b53ca83c82b954b0e05f96681bad8)] -> id: logo]
13:59:09.135 [main] INFO  com.qa.opencart.utilities.WebDriverUtils - Title of the page is :: Your Store
14:01:06.134 [main] INFO  com.qa.opencart.utilities.WebDriverUtils - Title of the page is :: Account Login
14:01:15.459 [main] INFO  com.qa.opencart.utilities.WebDriverUtils - Title of the page is :: Register Account
14:01:18.593 [main] INFO  com.qa.opencart.utilities.WebDriverUtils - Element is displayed::[[ChromeDriver: chrome on windows (ba4e4a65cc0c5d3a730619877b97e947)] -> id: logo]
14:01:18.630 [main] INFO  com.qa.opencart.utilities.WebDriverUtils - Title of the page is :: Your Store
14:50:06.549 [main] INFO  com.qa.opencart.utilities.WebDriverUtils - Title of the page is :: Account Login
14:50:15.932 [main] INFO  com.qa.opencart.utilities.WebDriverUtils - Title of the page is :: Register Account
14:50:19.166 [main] INFO  com.qa.opencart.utilities.WebDriverUtils - Element is displayed::[[ChromeDriver: chrome on windows (168ff4bb02fe74f1bf380cb2258e211c)] -> id: logo]
14:50:19.198 [main] INFO  com.qa.opencart.utilities.WebDriverUtils - Title of the page is :: Your Store
15:51:15.795 [main] INFO  com.qa.opencart.utilities.WebDriverUtils - Title of the page is :: Account Login
15:51:25.180 [main] INFO  com.qa.opencart.utilities.WebDriverUtils - Title of the page is :: Register Account
15:51:29.081 [main] INFO  com.qa.opencart.utilities.WebDriverUtils - Element is displayed::[[ChromeDriver: chrome on windows (c5428a0b17c7e7cdcfa1c0a936fb5a7e)] -> id: logo]
15:51:29.193 [main] INFO  com.qa.opencart.utilities.WebDriverUtils - Title of the page is :: Your Store
15:51:49.259 [main] INFO  com.qa.opencart.utilities.WebDriverUtils - Title of the page is :: Register Account
15:51:52.441 [main] INFO  com.qa.opencart.utilities.WebDriverUtils - Element is displayed::[[ChromeDriver: chrome on windows (82b502c86ab0b2a770ef298798cc8bd6)] -> xpath: //ul[@class='breadcrumb']/li[last()]/a]
15:51:52.532 [main] INFO  com.qa.opencart.utilities.WebDriverUtils - Element is displayed::[[ChromeDriver: chrome on windows (82b502c86ab0b2a770ef298798cc8bd6)] -> xpath: (//div[@class='well']/ h2)[1]]
15:51:52.601 [main] INFO  com.qa.opencart.utilities.WebDriverUtils - Element is displayed::[[ChromeDriver: chrome on windows (82b502c86ab0b2a770ef298798cc8bd6)] -> xpath: //h2[text()='Returning Customer']]
15:51:52.629 [main] INFO  com.qa.opencart.utilities.WebDriverUtils - Title of the page is :: Account Login
15:58:37.519 [main] INFO  com.qa.opencart.utilities.WebDriverUtils - Title of the page is :: Account Login
15:58:40.892 [main] INFO  com.qa.opencart.utilities.WebDriverUtils - Title of the page is :: Register Account
15:58:46.296 [main] INFO  com.qa.opencart.utilities.WebDriverUtils - Element is displayed::[[ChromeDriver: chrome on windows (f1eb394e4a4ea36d3d097a34e9cfe0e5)] -> xpath: //ul[@class='breadcrumb']/li[last()]/a]
15:58:46.357 [main] INFO  com.qa.opencart.utilities.WebDriverUtils - Element is displayed::[[ChromeDriver: chrome on windows (f1eb394e4a4ea36d3d097a34e9cfe0e5)] -> xpath: (//div[@class='well']/ h2)[1]]
15:58:46.411 [main] INFO  com.qa.opencart.utilities.WebDriverUtils - Element is displayed::[[ChromeDriver: chrome on windows (f1eb394e4a4ea36d3d097a34e9cfe0e5)] -> xpath: //h2[text()='Returning Customer']]
16:02:11.623 [main] INFO  com.qa.opencart.utilities.WebDriverUtils - Title of the page is :: Account Login
16:02:15.313 [main] INFO  com.qa.opencart.utilities.WebDriverUtils - Title of the page is :: Register Account
16:02:26.838 [main] INFO  com.qa.opencart.utilities.WebDriverUtils - Element is displayed::[[ChromeDriver: chrome on windows (54ffc3624511c9f682f76d3c20ace7ef)] -> xpath: //ul[@class='breadcrumb']/li[last()]/a]
16:02:26.893 [main] INFO  com.qa.opencart.utilities.WebDriverUtils - Element is displayed::[[ChromeDriver: chrome on windows (54ffc3624511c9f682f76d3c20ace7ef)] -> xpath: (//div[@class='well']/ h2)[1]]
16:02:26.945 [main] INFO  com.qa.opencart.utilities.WebDriverUtils - Element is displayed::[[ChromeDriver: chrome on windows (54ffc3624511c9f682f76d3c20ace7ef)] -> xpath: //h2[text()='Returning Customer']]
16:03:57.943 [main] INFO  com.qa.opencart.utilities.WebDriverUtils - Title of the page is :: Account Login
16:04:01.643 [main] INFO  com.qa.opencart.utilities.WebDriverUtils - Title of the page is :: Register Account
16:04:22.676 [main] INFO  com.qa.opencart.utilities.WebDriverUtils - Title of the page is :: My Account
16:04:27.885 [main] INFO  com.qa.opencart.utilities.WebDriverUtils - Title of the page is :: Account Logout
16:04:30.706 [main] INFO  com.qa.opencart.utilities.WebDriverUtils - Title of the page is :: Your Store
13:40:59.475 [main] INFO  com.qa.opencart.testcases.ProductDetailsPageTest - navigate to login page
13:41:17.198 [main] INFO  com.qa.opencart.testcases.ProductDetailsPageTest - Verify my account page title
13:41:17.357 [main] INFO  com.qa.opencart.testcases.ProductDetailsPageTest - TC01_Perform the product search Test
13:41:23.905 [main] INFO  com.qa.opencart.testcases.ProductDetailsPageTest - Verify the results page title
13:41:36.609 [main] INFO  com.qa.opencart.testcases.ProductDetailsPageTest - TC01_Perform the product search Test
13:41:43.450 [main] INFO  com.qa.opencart.testcases.ProductDetailsPageTest - Verify the results page title
13:41:56.222 [main] INFO  com.qa.opencart.testcases.ProductDetailsPageTest - TC01_Perform the product search Test
13:42:03.082 [main] INFO  com.qa.opencart.testcases.ProductDetailsPageTest - Verify the results page title
13:42:15.849 [main] INFO  com.qa.opencart.testcases.ProductDetailsPageTest - TC01_Perform the product search Test
13:42:22.454 [main] INFO  com.qa.opencart.testcases.ProductDetailsPageTest - Verify the results page title
13:42:35.216 [main] INFO  com.qa.opencart.testcases.ProductDetailsPageTest - TC02_Verify product metadata Test
13:42:41.581 [main] INFO  com.qa.opencart.testcases.ProductDetailsPageTest - Verify the results page title
13:52:06.601 [main] INFO  com.qa.opencart.testcases.ProductDetailsPageTest - navigate to login page
13:52:23.627 [main] INFO  com.qa.opencart.testcases.ProductDetailsPageTest - Verify my account page title
13:52:23.808 [main] INFO  com.qa.opencart.testcases.ProductDetailsPageTest - TC01_Perform the product search Test
13:52:30.517 [main] INFO  com.qa.opencart.testcases.ProductDetailsPageTest - Verify the results page title
13:52:44.831 [main] INFO  com.qa.opencart.testcases.ProductDetailsPageTest - TC01_Perform the product search Test
13:52:52.248 [main] INFO  com.qa.opencart.testcases.ProductDetailsPageTest - Verify the results page title
13:53:04.767 [main] INFO  com.qa.opencart.testcases.ProductDetailsPageTest - TC01_Perform the product search Test
13:53:11.481 [main] INFO  com.qa.opencart.testcases.ProductDetailsPageTest - Verify the results page title
13:53:23.742 [main] INFO  com.qa.opencart.testcases.ProductDetailsPageTest - TC01_Perform the product search Test
13:53:30.291 [main] INFO  com.qa.opencart.testcases.ProductDetailsPageTest - Verify the results page title
13:53:43.650 [main] INFO  com.qa.opencart.testcases.ProductDetailsPageTest - TC02_Verify product metadata Test
13:53:50.300 [main] INFO  com.qa.opencart.testcases.ProductDetailsPageTest - Verify the results page title
13:54:03.736 [main] INFO  com.qa.opencart.testcases.ProductDetailsPageTest - TC03_Verify logout from MyAccount Test
13:54:10.275 [main] INFO  com.qa.opencart.testcases.ProductDetailsPageTest - Verify the my account page title
15:09:14.865 [main] INFO  com.qa.opencart.testcases.RegistrationPageTest - Generating the Fake Test Data for Registration using Faker class 
15:09:27.681 [main] INFO  com.qa.opencart.testcases.RegistrationPageTest - navigate toRegistration page
15:09:35.451 [main] INFO  com.qa.opencart.testcases.RegistrationPageTest - Verify registration page title
15:09:35.813 [main] INFO  com.qa.opencart.testcases.RegistrationPageTest - TC01_Register an account with faker data test
15:09:35.814 [main] INFO  com.qa.opencart.testcases.RegistrationPageTest - Enter personal details
15:09:46.448 [main] INFO  com.qa.opencart.testcases.RegistrationPageTest - Set the password
15:09:51.434 [main] INFO  com.qa.opencart.testcases.RegistrationPageTest - Select the subscribe option yes or no
15:09:53.749 [main] INFO  com.qa.opencart.testcases.RegistrationPageTest - Select the agree checkbox
15:09:56.158 [main] INFO  com.qa.opencart.testcases.RegistrationPageTest - click on Continue button
15:10:00.878 [main] INFO  com.qa.opencart.testcases.RegistrationPageTest - Verify the Account Creation success message and header text
15:10:03.383 [main] INFO  com.qa.opencart.testcases.RegistrationPageTest - TC09_Verify logout from MyAccount Test
15:10:09.700 [main] INFO  com.qa.opencart.testcases.RegistrationPageTest - Verify the my account page title
15:10:14.698 [main] INFO  com.qa.opencart.testcases.RegistrationPageTest - navigate toRegistration page
15:10:20.108 [main] INFO  com.qa.opencart.testcases.RegistrationPageTest - Verify registration page title
15:10:20.134 [main] INFO  com.qa.opencart.testcases.RegistrationPageTest - TC01_Register an account with faker data test
15:10:20.135 [main] INFO  com.qa.opencart.testcases.RegistrationPageTest - account 1 creation started
15:10:20.136 [main] INFO  com.qa.opencart.testcases.RegistrationPageTest - Enter personal details
15:10:30.157 [main] INFO  com.qa.opencart.testcases.RegistrationPageTest - Set the password
15:10:35.020 [main] INFO  com.qa.opencart.testcases.RegistrationPageTest - Select the subscribe option yes or no
15:10:37.327 [main] INFO  com.qa.opencart.testcases.RegistrationPageTest - Select the agree checkbox
15:10:39.689 [main] INFO  com.qa.opencart.testcases.RegistrationPageTest - click on Continue button
15:10:44.352 [main] INFO  com.qa.opencart.testcases.RegistrationPageTest - Verify the Account Creation success message and header text
15:10:46.788 [main] INFO  com.qa.opencart.testcases.RegistrationPageTest - TC09_Verify logout from MyAccount Test
15:10:52.302 [main] INFO  com.qa.opencart.testcases.RegistrationPageTest - Verify the my account page title
15:10:55.597 [main] INFO  com.qa.opencart.testcases.RegistrationPageTest - navigate toRegistration page
15:11:00.964 [main] INFO  com.qa.opencart.testcases.RegistrationPageTest - Verify registration page title
15:11:00.991 [main] INFO  com.qa.opencart.testcases.RegistrationPageTest - TC01_Register an account with faker data test
15:11:00.991 [main] INFO  com.qa.opencart.testcases.RegistrationPageTest - account 1 creation started
15:11:00.995 [main] INFO  com.qa.opencart.testcases.RegistrationPageTest - Enter personal details
15:11:10.952 [main] INFO  com.qa.opencart.testcases.RegistrationPageTest - Set the password
15:11:15.857 [main] INFO  com.qa.opencart.testcases.RegistrationPageTest - Select the subscribe option yes or no
15:11:18.186 [main] INFO  com.qa.opencart.testcases.RegistrationPageTest - Select the agree checkbox
15:11:20.530 [main] INFO  com.qa.opencart.testcases.RegistrationPageTest - click on Continue button
15:11:24.906 [main] INFO  com.qa.opencart.testcases.RegistrationPageTest - Verify the Account Creation success message and header text
15:11:27.234 [main] INFO  com.qa.opencart.testcases.RegistrationPageTest - TC09_Verify logout from MyAccount Test
15:11:32.864 [main] INFO  com.qa.opencart.testcases.RegistrationPageTest - Verify the my account page title
15:11:36.067 [main] INFO  com.qa.opencart.testcases.RegistrationPageTest - navigate toRegistration page
15:11:41.293 [main] INFO  com.qa.opencart.testcases.RegistrationPageTest - Verify registration page title
15:11:41.323 [main] INFO  com.qa.opencart.testcases.RegistrationPageTest - TC01_Register an account with faker data test
15:11:41.323 [main] INFO  com.qa.opencart.testcases.RegistrationPageTest - account 1 creation started
15:11:41.323 [main] INFO  com.qa.opencart.testcases.RegistrationPageTest - Enter personal details
15:11:51.021 [main] INFO  com.qa.opencart.testcases.RegistrationPageTest - Set the password
15:11:55.875 [main] INFO  com.qa.opencart.testcases.RegistrationPageTest - Select the subscribe option yes or no
15:11:58.305 [main] INFO  com.qa.opencart.testcases.RegistrationPageTest - Select the agree checkbox
15:12:00.641 [main] INFO  com.qa.opencart.testcases.RegistrationPageTest - click on Continue button
15:12:05.073 [main] INFO  com.qa.opencart.testcases.RegistrationPageTest - Verify the Account Creation success message and header text
15:12:07.484 [main] INFO  com.qa.opencart.testcases.RegistrationPageTest - TC09_Verify logout from MyAccount Test
15:12:13.109 [main] INFO  com.qa.opencart.testcases.RegistrationPageTest - Verify the my account page title
15:12:16.411 [main] INFO  com.qa.opencart.testcases.RegistrationPageTest - navigate toRegistration page
15:12:21.890 [main] INFO  com.qa.opencart.testcases.RegistrationPageTest - Verify registration page title
15:12:21.938 [main] INFO  com.qa.opencart.testcases.RegistrationPageTest - TC01_Register an account with faker data test
15:12:21.939 [main] INFO  com.qa.opencart.testcases.RegistrationPageTest - account 1 creation started
15:12:21.951 [main] INFO  com.qa.opencart.testcases.RegistrationPageTest - Enter personal details
15:12:31.938 [main] INFO  com.qa.opencart.testcases.RegistrationPageTest - Set the password
15:12:36.880 [main] INFO  com.qa.opencart.testcases.RegistrationPageTest - Select the subscribe option yes or no
15:12:39.121 [main] INFO  com.qa.opencart.testcases.RegistrationPageTest - Select the agree checkbox
15:12:41.500 [main] INFO  com.qa.opencart.testcases.RegistrationPageTest - click on Continue button
15:12:45.907 [main] INFO  com.qa.opencart.testcases.RegistrationPageTest - Verify the Account Creation success message and header text
15:12:48.211 [main] INFO  com.qa.opencart.testcases.RegistrationPageTest - TC09_Verify logout from MyAccount Test
15:12:53.917 [main] INFO  com.qa.opencart.testcases.RegistrationPageTest - Verify the my account page title
15:42:31.991 [TestNG-test-Opencart-UI-Automation-jan15-2025-3] INFO  com.qa.opencart.testcases.ProductDetailsPageTest - navigate to login page
15:58:46.430 [TestNG-test-Opencart-UI-Automation-jan15-2025-1] INFO  com.qa.opencart.testcases.ProductDetailsPageTest - navigate to login page
15:59:00.921 [TestNG-test-Opencart-UI-Automation-jan15-2025-1] INFO  com.qa.opencart.testcases.ProductDetailsPageTest - Verify my account page title
15:59:00.938 [TestNG-test-Opencart-UI-Automation-jan15-2025-1] INFO  com.qa.opencart.testcases.ProductDetailsPageTest - TC01_Perform the product search Test
15:59:07.382 [TestNG-test-Opencart-UI-Automation-jan15-2025-1] INFO  com.qa.opencart.testcases.ProductDetailsPageTest - Verify the results page title
15:59:20.550 [TestNG-test-Opencart-UI-Automation-jan15-2025-1] INFO  com.qa.opencart.testcases.ProductDetailsPageTest - TC01_Perform the product search Test
15:59:27.369 [TestNG-test-Opencart-UI-Automation-jan15-2025-1] INFO  com.qa.opencart.testcases.ProductDetailsPageTest - Verify the results page title
15:59:40.448 [TestNG-test-Opencart-UI-Automation-jan15-2025-1] INFO  com.qa.opencart.testcases.ProductDetailsPageTest - TC01_Perform the product search Test
15:59:46.857 [TestNG-test-Opencart-UI-Automation-jan15-2025-1] INFO  com.qa.opencart.testcases.ProductDetailsPageTest - Verify the results page title
15:59:59.288 [TestNG-test-Opencart-UI-Automation-jan15-2025-1] INFO  com.qa.opencart.testcases.ProductDetailsPageTest - TC01_Perform the product search Test
16:00:10.565 [TestNG-test-Opencart-UI-Automation-jan15-2025-1] INFO  com.qa.opencart.testcases.ProductDetailsPageTest - Verify the results page title
16:00:23.141 [TestNG-test-Opencart-UI-Automation-jan15-2025-1] INFO  com.qa.opencart.testcases.ProductDetailsPageTest - TC02_Verify product metadata Test
16:00:29.333 [TestNG-test-Opencart-UI-Automation-jan15-2025-1] INFO  com.qa.opencart.testcases.ProductDetailsPageTest - Verify the results page title
16:00:42.067 [TestNG-test-Opencart-UI-Automation-jan15-2025-1] INFO  com.qa.opencart.testcases.ProductDetailsPageTest - TC03_Verify logout from MyAccount Test
16:00:48.436 [TestNG-test-Opencart-UI-Automation-jan15-2025-1] INFO  com.qa.opencart.testcases.ProductDetailsPageTest - Verify the my account page title
20:36:16.069 [TestNG-test-Opencart-UI-Automation-jan15-2025-1] INFO  com.qa.opencart.testcases.ProductDetailsPageTest - navigate to login page
20:36:31.143 [TestNG-test-Opencart-UI-Automation-jan15-2025-1] INFO  com.qa.opencart.testcases.ProductDetailsPageTest - Verify my account page title
20:36:31.159 [TestNG-test-Opencart-UI-Automation-jan15-2025-1] INFO  com.qa.opencart.testcases.ProductDetailsPageTest - TC01_Perform the product search Test
20:36:38.227 [TestNG-test-Opencart-UI-Automation-jan15-2025-1] INFO  com.qa.opencart.testcases.ProductDetailsPageTest - Verify the results page title
20:36:51.743 [TestNG-test-Opencart-UI-Automation-jan15-2025-1] INFO  com.qa.opencart.testcases.ProductDetailsPageTest - TC01_Perform the product search Test
20:36:57.823 [TestNG-test-Opencart-UI-Automation-jan15-2025-1] INFO  com.qa.opencart.testcases.ProductDetailsPageTest - Verify the results page title
20:37:10.471 [TestNG-test-Opencart-UI-Automation-jan15-2025-1] INFO  com.qa.opencart.testcases.ProductDetailsPageTest - TC01_Perform the product search Test
20:37:16.505 [TestNG-test-Opencart-UI-Automation-jan15-2025-1] INFO  com.qa.opencart.testcases.ProductDetailsPageTest - Verify the results page title
20:37:28.758 [TestNG-test-Opencart-UI-Automation-jan15-2025-1] INFO  com.qa.opencart.testcases.ProductDetailsPageTest - TC01_Perform the product search Test
20:37:34.662 [TestNG-test-Opencart-UI-Automation-jan15-2025-1] INFO  com.qa.opencart.testcases.ProductDetailsPageTest - Verify the results page title
20:37:46.254 [TestNG-test-Opencart-UI-Automation-jan15-2025-1] INFO  com.qa.opencart.testcases.ProductDetailsPageTest - TC02_Verify product metadata Test
20:37:52.440 [TestNG-test-Opencart-UI-Automation-jan15-2025-1] INFO  com.qa.opencart.testcases.ProductDetailsPageTest - Verify the results page title
20:38:06.459 [TestNG-test-Opencart-UI-Automation-jan15-2025-1] INFO  com.qa.opencart.testcases.ProductDetailsPageTest - TC03_Verify logout from MyAccount Test
20:38:12.428 [TestNG-test-Opencart-UI-Automation-jan15-2025-1] INFO  com.qa.opencart.testcases.ProductDetailsPageTest - Verify the my account page title
